2023-11-27 10:21:47,031 - INFO - CNNMnist(
  (conv1): Conv2d(1, 10, kernel_size=(5, 5), stride=(1, 1))
  (conv2): Conv2d(10, 20, kernel_size=(5, 5), stride=(1, 1))
  (conv2_drop): Dropout2d(p=0.5, inplace=False)
  (fc1): Linear(in_features=320, out_features=50, bias=True)
  (fc2): Linear(in_features=50, out_features=10, bias=True)
)
2023-11-27 10:22:03,152 - INFO - Train loss: 1.0061259360265122
2023-11-27 10:22:17,159 - INFO - Train loss: 0.4057409429410373
2023-11-27 10:22:30,839 - INFO - Train loss: 0.3167626371245776
2023-11-27 10:22:44,491 - INFO - Train loss: 0.27397270820764846
2023-11-27 10:22:58,189 - INFO - Train loss: 0.24478273356615354
2023-11-27 10:23:11,782 - INFO - Train loss: 0.223609277021402
2023-11-27 10:23:25,550 - INFO - Train loss: 0.21054318481917256
2023-11-27 10:23:39,626 - INFO - Train loss: 0.19853413740653536
2023-11-27 10:23:53,413 - INFO - Train loss: 0.1881198189032675
2023-11-27 10:24:07,213 - INFO - Train loss: 0.17836641434079675
2023-11-27 10:24:09,377 - INFO -  
 Results after 10 rounds of training:
2023-11-27 10:24:09,378 - INFO - |---- Test on 10000 samples
2023-11-27 10:24:09,378 - INFO - |---- Test Accuracy: 98.23%
2023-11-27 10:24:09,379 - INFO - 
 Total Run Time 00:02:22
2023-11-27 10:24:09,641 - INFO - [1.0061259360265122, 0.4057409429410373, 0.3167626371245776, 0.27397270820764846, 0.24478273356615354, 0.223609277021402, 0.21054318481917256, 0.19853413740653536, 0.1881198189032675, 0.17836641434079675]
