2023-11-27 10:34:24,167 - INFO - 
Experimental details:
2023-11-27 10:34:24,167 - INFO -     Model     : mlp
2023-11-27 10:34:24,167 - INFO -     Optimizer : sgd
2023-11-27 10:34:24,168 - INFO -     Learning  : 0.01
2023-11-27 10:34:24,168 - INFO -     Global Rounds   : 10

2023-11-27 10:34:24,168 - INFO -     Federated parameters:
2023-11-27 10:34:24,168 - INFO -     Non-IID
2023-11-27 10:34:24,169 - INFO -     Fraction of users  : 0.1
2023-11-27 10:34:24,169 - INFO -     Local Batch size   : 10
2023-11-27 10:34:24,169 - INFO -     Seed               : 42
2023-11-27 10:34:24,169 - INFO -     Aggregation method : avg
2023-11-27 10:34:24,170 - INFO -     Local Epochs       : 10

2023-11-27 10:34:24,171 - INFO - cuda:0
2023-11-27 10:34:24,314 - INFO - MLP(
  (layer_input): Linear(in_features=784, out_features=64, bias=True)
  (relu): ReLU()
  (dropout): Dropout(p=0.5, inplace=False)
  (layer_hidden): Linear(in_features=64, out_features=10, bias=True)
  (softmax): Softmax(dim=1)
)
2023-11-27 10:34:24,318 - INFO - 
 | Global Training Round : 1 |

