2023-11-27 10:34:19,014 - INFO - 
Experimental details:
2023-11-27 10:34:19,015 - INFO -     Model     : mlp
2023-11-27 10:34:19,015 - INFO -     Optimizer : sgd
2023-11-27 10:34:19,016 - INFO -     Learning  : 0.01
2023-11-27 10:34:19,016 - INFO -     Global Rounds   : 10

2023-11-27 10:34:19,016 - INFO -     Federated parameters:
2023-11-27 10:34:19,016 - INFO -     IID
2023-11-27 10:34:19,017 - INFO -     Fraction of users  : 0.1
2023-11-27 10:34:19,017 - INFO -     Local Batch size   : 10
2023-11-27 10:34:19,017 - INFO -     Seed               : 42
2023-11-27 10:34:19,017 - INFO -     Aggregation method : avg
2023-11-27 10:34:19,018 - INFO -     Local Epochs       : 10

2023-11-27 10:34:19,018 - INFO - cuda:0
2023-11-27 10:34:19,580 - INFO - MLP(
  (layer_input): Linear(in_features=784, out_features=64, bias=True)
  (relu): ReLU()
  (dropout): Dropout(p=0.5, inplace=False)
  (layer_hidden): Linear(in_features=64, out_features=10, bias=True)
  (softmax): Softmax(dim=1)
)
2023-11-27 10:34:19,584 - INFO - 
 | Global Training Round : 1 |

